<?xml version="1.0" encoding="UTF-8"?>
<!-- Generated by org.testng.reporters.JUnitReportReporter -->
<testsuite hostname="DESKTOP-LFDAFUI" failures="0" tests="1" name="com.JsonFiles.ParsingJSONResponse2" time="3.036" errors="0" timestamp="2023-07-29T22:03:35 IST" skipped="0">
  <testcase classname="com.JsonFiles.ParsingJSONResponse2" name="jsonResponse" time="3.036"/>
  <system-out/>
</testsuite> <!-- com.JsonFiles.ParsingJSONResponse2 -->
