<?xml version="1.0" encoding="UTF-8"?>
<!-- Generated by org.testng.reporters.JUnitReportReporter -->
<testsuite hostname="DESKTOP-LFDAFUI" failures="0" tests="1" name="com.cookies.HeadersDemo" time="3.368" errors="0" timestamp="2023-07-27T17:33:57 IST" skipped="0">
  <testcase classname="com.cookies.HeadersDemo" name="getAllHeaders" time="3.368"/>
  <system-out/>
</testsuite> <!-- com.cookies.HeadersDemo -->
