<?xml version="1.0" encoding="UTF-8"?>
<!-- Generated by org.testng.reporters.JUnitReportReporter -->
<testsuite hostname="DESKTOP-LFDAFUI" failures="0" tests="1" name="com.Authentications.FakeDataGenarator" time="0.319" errors="0" timestamp="2023-08-15T11:28:54 IST" skipped="0">
  <testcase classname="com.Authentications.FakeDataGenarator" name="fakeDataGenarator" time="0.319"/>
  <system-out/>
</testsuite> <!-- com.Authentications.FakeDataGenarator -->
