<?xml version="1.0" encoding="UTF-8"?>
<!-- Generated by org.testng.reporters.JUnitReportReporter -->
<testsuite hostname="DESKTOP-LFDAFUI" failures="0" tests="1" name="com.JsonFiles.CreateJsonObject" time="2.162" errors="0" timestamp="2023-07-30T12:31:02 IST" skipped="0">
  <testcase classname="com.JsonFiles.CreateJsonObject" name="createJsonObject" time="2.162"/>
  <system-out/>
</testsuite> <!-- com.JsonFiles.CreateJsonObject -->
