<?xml version="1.0" encoding="UTF-8"?>
<!-- Generated by org.testng.reporters.JUnitReportReporter -->
<testsuite hostname="DESKTOP-LFDAFUI" failures="0" tests="4" name="day1.HttpRequests" time="5.259" errors="0" timestamp="2023-07-21T04:13:32 IST" skipped="0">
  <testcase classname="day1.HttpRequests" name="listUser" time="3.388"/>
  <system-out/>
  <testcase classname="day1.HttpRequests" name="createUser" time="0.802"/>
  <system-out/>
  <testcase classname="day1.HttpRequests" name="updateUser" time="0.561"/>
  <system-out/>
  <testcase classname="day1.HttpRequests" name="deleteUser" time="0.508"/>
  <system-out/>
</testsuite> <!-- day1.HttpRequests -->
