<?xml version="1.0" encoding="UTF-8"?>
<!-- Generated by org.testng.reporters.JUnitReportReporter -->
<testsuite hostname="DESKTOP-LFDAFUI" failures="0" tests="1" name="com.JsonFiles.ParsonJsonResponseData" time="3.045" errors="0" timestamp="2023-07-29T17:32:44 IST" skipped="0">
  <testcase classname="com.JsonFiles.ParsonJsonResponseData" name="testJsonResponse" time="3.045"/>
  <system-out/>
</testsuite> <!-- com.JsonFiles.ParsonJsonResponseData -->
