<?xml version="1.0" encoding="UTF-8"?>
<!-- Generated by org.testng.reporters.JUnitReportReporter -->
<testsuite hostname="DESKTOP-LFDAFUI" failures="0" tests="1" name="com.schemavalidations.XmlSchemavaValidation" time="3.482" errors="0" timestamp="2023-08-06T21:34:08 IST" skipped="0">
  <testcase classname="com.schemavalidations.XmlSchemavaValidation" name="xmlSchemavalidation" time="3.482"/>
  <system-out/>
</testsuite> <!-- com.schemavalidations.XmlSchemavaValidation -->
