<?xml version="1.0" encoding="UTF-8"?>
<!-- Generated by org.testng.reporters.JUnitReportReporter -->
<testsuite hostname="DESKTOP-LFDAFUI" failures="0" tests="1" name="com.Authentications.Authentications" time="4.182" errors="0" timestamp="2023-08-11T06:49:52 IST" skipped="0">
  <testcase classname="com.Authentications.Authentications" name="APIKeyAuthentication" time="4.182"/>
  <system-out/>
</testsuite> <!-- com.Authentications.Authentications -->
