<?xml version="1.0" encoding="UTF-8"?>
<!-- Generated by org.testng.reporters.JUnitReportReporter -->
<testsuite hostname="DESKTOP-LFDAFUI" failures="0" tests="1" name="com.cookies.LoggingDemo" time="2.256" errors="0" timestamp="2023-07-27T19:03:30 IST" skipped="0">
  <testcase classname="com.cookies.LoggingDemo" name="getHeaders" time="2.256"/>
  <system-out/>
</testsuite> <!-- com.cookies.LoggingDemo -->
