<?xml version="1.0" encoding="UTF-8"?>
<!-- Generated by org.testng.reporters.JUnitReportReporter -->
<testsuite hostname="DESKTOP-LFDAFUI" failures="0" tests="1" name="com.parameters.PathandQueryParameters" time="2.781" errors="0" timestamp="2023-07-26T06:42:29 IST" skipped="0">
  <testcase classname="com.parameters.PathandQueryParameters" name="testPathQueryParameters" time="2.781"/>
  <system-out/>
</testsuite> <!-- com.parameters.PathandQueryParameters -->
