<?xml version="1.0" encoding="UTF-8"?>
<!-- Generated by org.testng.reporters.JUnitReportReporter -->
<testsuite hostname="DESKTOP-LFDAFUI" failures="0" tests="1" name="com.bodyrequest.PostRequestUsingPoJo" time="3.381" errors="0" timestamp="2023-07-25T22:25:13 IST" skipped="0">
  <testcase classname="com.bodyrequest.PostRequestUsingPoJo" name="testPostUsingPojo" time="3.381"/>
  <system-out/>
</testsuite> <!-- com.bodyrequest.PostRequestUsingPoJo -->
