<?xml version="1.0" encoding="UTF-8"?>
<!-- Generated by org.testng.reporters.JUnitReportReporter -->
<testsuite hostname="DESKTOP-LFDAFUI" failures="0" tests="2" name="com.schemavalidations.SerilizationinJava" time="1.234" errors="0" timestamp="2023-08-08T05:36:39 IST" skipped="0">
  <testcase classname="com.schemavalidations.SerilizationinJava" name="convertPojo2Json" time="1.106"/>
  <system-out/>
  <testcase classname="com.schemavalidations.SerilizationinJava" name="convertjsonobjtoPojo" time="0.128"/>
  <system-out/>
</testsuite> <!-- com.schemavalidations.SerilizationinJava -->
