<?xml version="1.0" encoding="UTF-8"?>
<!-- Generated by org.testng.reporters.JUnitReportReporter -->
<testsuite hostname="DESKTOP-LFDAFUI" failures="0" tests="3" name="com.bodyrequest.DifferentWaysPostRequestbody" time="3.631" errors="0" timestamp="2023-07-23T12:15:12 IST" skipped="0">
  <testcase classname="com.bodyrequest.DifferentWaysPostRequestbody" name="createUser" time="2.564"/>
  <system-out/>
  <testcase classname="com.bodyrequest.DifferentWaysPostRequestbody" name="testPostUsingHashMap" time="0.993"/>
  <system-out/>
  <testcase classname="com.bodyrequest.DifferentWaysPostRequestbody" name="deleteRecord" time="0.074"/>
  <system-out/>
</testsuite> <!-- com.bodyrequest.DifferentWaysPostRequestbody -->
