<?xml version="1.0" encoding="UTF-8"?>
<!-- Generated by org.testng.reporters.JUnitReportReporter -->
<testsuite hostname="DESKTOP-LFDAFUI" failures="0" tests="1" name="com.JsonFiles.GetAllPrice" time="2.056" errors="0" timestamp="2023-07-30T13:19:24 IST" skipped="0">
  <testcase classname="com.JsonFiles.GetAllPrice" name="getAllPrice" time="2.056"/>
  <system-out/>
</testsuite> <!-- com.JsonFiles.GetAllPrice -->
