<?xml version="1.0" encoding="UTF-8"?>
<!-- Generated by org.testng.reporters.JUnitReportReporter -->
<testsuite hostname="DESKTOP-LFDAFUI" failures="0" tests="1" name="com.cookies.CookieDemo" time="3.406" errors="0" timestamp="2023-07-27T16:36:37 IST" skipped="0">
  <testcase classname="com.cookies.CookieDemo" name="getKeyValue" time="3.406"/>
  <system-out/>
</testsuite> <!-- com.cookies.CookieDemo -->
