<?xml version="1.0" encoding="UTF-8"?>
<!-- Generated by org.testng.reporters.JUnitReportReporter -->
<testsuite hostname="DESKTOP-LFDAFUI" failures="0" tests="2" name="com.ParsingXMLresponseuploaddownload.DynamicXMLResponse" time="3.716" errors="0" timestamp="2023-08-02T07:12:01 IST" skipped="0">
  <testcase classname="com.ParsingXMLresponseuploaddownload.DynamicXMLResponse" name="dynamicXMLResponse" time="3.475"/>
  <system-out/>
  <testcase classname="com.ParsingXMLresponseuploaddownload.DynamicXMLResponse" name="getResponseUsingList" time="0.241"/>
  <system-out/>
</testsuite> <!-- com.ParsingXMLresponseuploaddownload.DynamicXMLResponse -->
