<?xml version="1.0" encoding="UTF-8"?>
<!-- Generated by org.testng.reporters.JUnitReportReporter -->
<testsuite hostname="DESKTOP-LFDAFUI" failures="0" tests="1" name="com.ParsingXMLresponseuploaddownload.ParsingXMLResponse" time="3.442" errors="0" timestamp="2023-07-31T05:21:44 IST" skipped="0">
  <testcase classname="com.ParsingXMLresponseuploaddownload.ParsingXMLResponse" name="parsingXMLResponse" time="3.442"/>
  <system-out/>
</testsuite> <!-- com.ParsingXMLresponseuploaddownload.ParsingXMLResponse -->
