<?xml version="1.0" encoding="UTF-8"?>
<!-- Generated by org.testng.reporters.JUnitReportReporter -->
<testsuite hostname="DESKTOP-LFDAFUI" failures="0" tests="2" name="com.bodyrequest.PostRequestBody2" time="3.157" errors="0" timestamp="2023-07-23T12:10:02 IST" skipped="0">
  <testcase classname="com.bodyrequest.PostRequestBody2" name="jsonLibrary" time="3.082"/>
  <system-out/>
  <testcase classname="com.bodyrequest.PostRequestBody2" name="testDelete" time="0.075"/>
  <system-out/>
</testsuite> <!-- com.bodyrequest.PostRequestBody2 -->
