<?xml version="1.0" encoding="UTF-8"?>
<!-- Generated by org.testng.reporters.JUnitReportReporter -->
<testsuite hostname="DESKTOP-LFDAFUI" failures="0" tests="3" name="com.ParsingXMLresponseuploaddownload.FileUploadandDownload" time="3.630" errors="0" timestamp="2023-08-03T22:49:42 IST" skipped="0">
  <testcase classname="com.ParsingXMLresponseuploaddownload.FileUploadandDownload" name="singleFIleUpload" time="3.399"/>
  <system-out/>
  <testcase classname="com.ParsingXMLresponseuploaddownload.FileUploadandDownload" name="MultipleFilesUpload" time="0.162"/>
  <system-out/>
  <testcase classname="com.ParsingXMLresponseuploaddownload.FileUploadandDownload" name="downloadFile" time="0.069"/>
  <system-out/>
</testsuite> <!-- com.ParsingXMLresponseuploaddownload.FileUploadandDownload -->
