<?xml version="1.0" encoding="UTF-8"?>
<!-- Generated by org.testng.reporters.JUnitReportReporter -->
<testsuite hostname="DESKTOP-LFDAFUI" failures="0" tests="1" name="com.APIChains.DeleteUser" time="0.189" errors="0" timestamp="2023-08-18T07:23:32 IST" skipped="0">
  <testcase classname="com.APIChains.DeleteUser" name="test_deleteUser" time="0.189"/>
  <system-out/>
</testsuite> <!-- com.APIChains.DeleteUser -->
