<?xml version="1.0" encoding="UTF-8"?>
<!-- Generated by org.testng.reporters.JUnitReportReporter -->
<testsuite hostname="DESKTOP-LFDAFUI" failures="0" tests="1" name="com.schemavalidations.Jsonschemavalidations" time="2.838" errors="0" timestamp="2023-08-04T22:45:01 IST" skipped="0">
  <testcase classname="com.schemavalidations.Jsonschemavalidations" name="schamaValidations" time="2.838"/>
  <system-out/>
</testsuite> <!-- com.schemavalidations.Jsonschemavalidations -->
